<?xml version="1.0" encoding="UTF-8"?>
<!-- Generated by org.testng.reporters.JUnitReportReporter -->
<testsuite hostname="Prasanna" failures="0" tests="3" name="com.tutorialsninja.qa.test.Register" time="13.392" errors="0" timestamp="2024-04-20T22:11:33 IST" skipped="0">
  <testcase classname="com.tutorialsninja.qa.test.Register" name="verifyRegisteringAnAccountWithMandatoryFields" time="3.959"/>
  <system-out/>
  <testcase classname="com.tutorialsninja.qa.test.Register" name="verifyRegisteringAnAccountWithAllFields" time="4.223"/>
  <system-out/>
  <testcase classname="com.tutorialsninja.qa.test.Register" name="verifyRegisteringAccountWithoutFillingAnyDetails" time="5.210"/>
  <system-out/>
</testsuite> <!-- com.tutorialsninja.qa.test.Register -->
